# JRE version: Java(TM) SE Runtime Environment Oracle GraalVM 25.0.2+10.1 (25.0.2+10) (build 25.0.2+10-LTS-jvmci-b01)
# Java VM: Java HotSpot(TM) 64-Bit Server VM Oracle GraalVM 25.0.2+10.1 (25.0.2+10-LTS-jvmci-b01, mixed mode, sharing, tiered, jvmci, jvmci compiler, compressed oops, compressed class ptrs, g1 gc, windows-amd64)
GC Precious Log:
 CardTable entry size: 512
 Card Set container configuration: InlinePtr #cards 4 size 8 Array Of Cards #cards 16 size 48 Howl #buckets 8 coarsen threshold 3686 Howl Bitmap #cards 512 size 80 coarsen threshold 460 Card regions per heap region 1 cards per card region 4096
 CPUs: 12 total, 12 available
 Memory: 15761M
 Large Page Support: Disabled
 NUMA Support: Disabled
 Compressed Oops: Enabled (Zero based)
 Heap Region Size: 2M
 Heap Min Capacity: 8M
 Heap Initial Capacity: 248M
 Heap Max Capacity: 3G
 Pre-touch: Disabled
 Parallel Workers: 10
 Concurrent Workers: 3
 Concurrent Refinement Workers: 10
 Periodic GC: Disabled
Heap:
 garbage-first heap   total reserved 3145728K, committed 401408K, used 263408K [0x0000000740000000, 0x0000000800000000)
  region size 2048K, 6 young (12288K), 6 survivors (12288K)
GC Heap Usage History (20 events):
Event: 26.824 {heap After GC invocations=48 (full 0):
 garbage-first heap   total reserved 3145728K, committed 215040K, used 131045K [0x0000000740000000, 0x0000000800000000)
  region size 2048K, 2 young (4096K), 2 survivors (4096K)
}
Event: 27.283 {heap Before GC invocations=48 (full 0):
 garbage-first heap   total reserved 3145728K, committed 215040K, used 184293K [0x0000000740000000, 0x0000000800000000)
  region size 2048K, 29 young (59392K), 2 survivors (4096K)
}
Event: 27.296 {heap After GC invocations=49 (full 0):
 garbage-first heap   total reserved 3145728K, committed 221184K, used 158998K [0x0000000740000000, 0x0000000800000000)
  region size 2048K, 4 young (8192K), 4 survivors (8192K)
}
Event: 27.396 {heap Before GC invocations=49 (full 0):
 garbage-first heap   total reserved 3145728K, committed 221184K, used 183574K [0x0000000740000000, 0x0000000800000000)
  region size 2048K, 17 young (34816K), 4 survivors (8192K)
}
Event: 27.411 {heap After GC invocations=50 (full 0):
 garbage-first heap   total reserved 3145728K, committed 221184K, used 181847K [0x0000000740000000, 0x0000000800000000)
  region size 2048K, 3 young (6144K), 3 survivors (6144K)
}
Event: 27.442 {heap Before GC invocations=50 (full 0):
 garbage-first heap   total reserved 3145728K, committed 221184K, used 194135K [0x0000000740000000, 0x0000000800000000)
  region size 2048K, 10 young (20480K), 3 survivors (6144K)
}
Event: 27.446 {heap After GC invocations=51 (full 0):
 garbage-first heap   total reserved 3145728K, committed 221184K, used 185812K [0x0000000740000000, 0x0000000800000000)
  region size 2048K, 2 young (4096K), 2 survivors (4096K)
}
Event: 27.474 {heap Before GC invocations=51 (full 0):
 garbage-first heap   total reserved 3145728K, committed 221184K, used 198100K [0x0000000740000000, 0x0000000800000000)
  region size 2048K, 9 young (18432K), 2 survivors (4096K)
}
Event: 27.477 {heap After GC invocations=52 (full 0):
 garbage-first heap   total reserved 3145728K, committed 401408K, used 187099K [0x0000000740000000, 0x0000000800000000)
  region size 2048K, 2 young (4096K), 2 survivors (4096K)
}
Event: 27.641 {heap Before GC invocations=53 (full 0):
 garbage-first heap   total reserved 3145728K, committed 401408K, used 281307K [0x0000000740000000, 0x0000000800000000)
  region size 2048K, 47 young (96256K), 2 survivors (4096K)
}
Event: 27.651 {heap After GC invocations=54 (full 0):
 garbage-first heap   total reserved 3145728K, committed 401408K, used 204101K [0x0000000740000000, 0x0000000800000000)
  region size 2048K, 6 young (12288K), 6 survivors (12288K)
}
Event: 27.738 {heap Before GC invocations=54 (full 0):
 garbage-first heap   total reserved 3145728K, committed 401408K, used 296261K [0x0000000740000000, 0x0000000800000000)
  region size 2048K, 52 young (106496K), 6 survivors (12288K)
}
Event: 27.746 {heap After GC invocations=55 (full 0):
 garbage-first heap   total reserved 3145728K, committed 401408K, used 215552K [0x0000000740000000, 0x0000000800000000)
  region size 2048K, 6 young (12288K), 6 survivors (12288K)
}
Event: 27.892 {heap Before GC invocations=55 (full 0):
 garbage-first heap   total reserved 3145728K, committed 401408K, used 274944K [0x0000000740000000, 0x0000000800000000)
  region size 2048K, 37 young (75776K), 6 survivors (12288K)
}
Event: 27.898 {heap After GC invocations=56 (full 0):
 garbage-first heap   total reserved 3145728K, committed 401408K, used 223939K [0x0000000740000000, 0x0000000800000000)
  region size 2048K, 4 young (8192K), 4 survivors (8192K)
}
Event: 28.112 {heap Before GC invocations=57 (full 0):
 garbage-first heap   total reserved 3145728K, committed 401408K, used 322243K [0x0000000740000000, 0x0000000800000000)
  region size 2048K, 52 young (106496K), 4 survivors (8192K)
}
Event: 28.120 {heap After GC invocations=58 (full 0):
 garbage-first heap   total reserved 3145728K, committed 401408K, used 240500K [0x0000000740000000, 0x0000000800000000)
  region size 2048K, 7 young (14336K), 7 survivors (14336K)
}
Event: 28.260 {heap Before GC invocations=58 (full 0):
 garbage-first heap   total reserved 3145728K, committed 401408K, used 332660K [0x0000000740000000, 0x0000000800000000)
  region size 2048K, 53 young (108544K), 7 survivors (14336K)
}
Event: 28.271 {heap After GC invocations=59 (full 0):
 garbage-first heap   total reserved 3145728K, committed 401408K, used 253943K [0x0000000740000000, 0x0000000800000000)
  region size 2048K, 6 young (12288K), 6 survivors (12288K)
}
Event: 28.366 {heap Before GC invocations=59 (full 0):
 garbage-first heap   total reserved 3145728K, committed 401408K, used 344055K [0x0000000740000000, 0x0000000800000000)
  region size 2048K, 51 young (104448K), 6 survivors (12288K)
}

