# JRE version: Java(TM) SE Runtime Environment (21.0.4+8) (build 21.0.4+8-LTS-274)
# Java VM: Java HotSpot(TM) 64-Bit Server VM (21.0.4+8-LTS-274, mixed mode, sharing, tiered, compressed oops, compressed class ptrs, g1 gc, windows-amd64)
GC Precious Log:
 CardTable entry size: 512
 Card Set container configuration: InlinePtr #cards 4 size 8 Array Of Cards #cards 32 size 80 Howl #buckets 8 coarsen threshold 7372 Howl Bitmap #cards 1024 size 144 coarsen threshold 921 Card regions per heap region 1 cards per card region 8192
 CPUs: 12 total, 12 available
 Memory: 15761M
 Large Page Support: Disabled
 NUMA Support: Disabled
 Compressed Oops: Enabled (Zero based)
 Heap Region Size: 4M
 Heap Min Capacity: 8M
 Heap Initial Capacity: 248M
 Heap Max Capacity: 8G
 Pre-touch: Disabled
 Parallel Workers: 10
 Concurrent Workers: 3
 Concurrent Refinement Workers: 10
 Periodic GC: Disabled
Heap:
 garbage-first heap   total 864256K, used 589017K [0x0000000600000000, 0x0000000800000000)
  region size 4096K, 7 young (28672K), 7 survivors (28672K)
 Metaspace       used 121611K, committed 124352K, reserved 1179648K
  class space    used 15777K, committed 17152K, reserved 1048576K
GC Heap History (20 events):
Event: 20.475 GC heap after
{Heap after GC invocations=38 (full 0):
 garbage-first heap   total 356352K, used 247598K [0x0000000600000000, 0x0000000800000000)
  region size 4096K, 3 young (12288K), 3 survivors (12288K)
 Metaspace       used 104681K, committed 107328K, reserved 1179648K
  class space    used 14411K, committed 15744K, reserved 1048576K
}
Event: 20.503 GC heap before
{Heap before GC invocations=38 (full 0):
 garbage-first heap   total 356352K, used 296750K [0x0000000600000000, 0x0000000800000000)
  region size 4096K, 16 young (65536K), 3 survivors (12288K)
 Metaspace       used 104681K, committed 107328K, reserved 1179648K
  class space    used 14411K, committed 15744K, reserved 1048576K
}
Event: 20.512 GC heap after
{Heap after GC invocations=39 (full 0):
 garbage-first heap   total 356352K, used 269358K [0x0000000600000000, 0x0000000800000000)
  region size 4096K, 2 young (8192K), 2 survivors (8192K)
 Metaspace       used 104681K, committed 107328K, reserved 1179648K
  class space    used 14411K, committed 15744K, reserved 1048576K
}
Event: 20.538 GC heap before
{Heap before GC invocations=39 (full 0):
 garbage-first heap   total 356352K, used 306222K [0x0000000600000000, 0x0000000800000000)
  region size 4096K, 12 young (49152K), 2 survivors (8192K)
 Metaspace       used 104693K, committed 107328K, reserved 1179648K
  class space    used 14412K, committed 15744K, reserved 1048576K
}
Event: 20.549 GC heap after
{Heap after GC invocations=40 (full 0):
 garbage-first heap   total 851968K, used 285091K [0x0000000600000000, 0x0000000800000000)
  region size 4096K, 2 young (8192K), 2 survivors (8192K)
 Metaspace       used 104693K, committed 107328K, reserved 1179648K
  class space    used 14412K, committed 15744K, reserved 1048576K
}
Event: 20.885 GC heap before
{Heap before GC invocations=41 (full 0):
 garbage-first heap   total 851968K, used 485795K [0x0000000600000000, 0x0000000800000000)
  region size 4096K, 53 young (217088K), 2 survivors (8192K)
 Metaspace       used 104996K, committed 107648K, reserved 1179648K
  class space    used 14448K, committed 15744K, reserved 1048576K
}
Event: 20.902 GC heap after
{Heap after GC invocations=42 (full 0):
 garbage-first heap   total 851968K, used 331776K [0x0000000600000000, 0x0000000800000000)
  region size 4096K, 7 young (28672K), 7 survivors (28672K)
 Metaspace       used 104996K, committed 107648K, reserved 1179648K
  class space    used 14448K, committed 15744K, reserved 1048576K
}
Event: 21.273 GC heap before
{Heap before GC invocations=42 (full 0):
 garbage-first heap   total 851968K, used 626688K [0x0000000600000000, 0x0000000800000000)
  region size 4096K, 80 young (327680K), 7 survivors (28672K)
 Metaspace       used 107277K, committed 109952K, reserved 1179648K
  class space    used 14596K, committed 15872K, reserved 1048576K
}
Event: 21.297 GC heap after
{Heap after GC invocations=43 (full 0):
 garbage-first heap   total 851968K, used 373221K [0x0000000600000000, 0x0000000800000000)
  region size 4096K, 10 young (40960K), 10 survivors (40960K)
 Metaspace       used 107277K, committed 109952K, reserved 1179648K
  class space    used 14596K, committed 15872K, reserved 1048576K
}
Event: 21.819 GC heap before
{Heap before GC invocations=43 (full 0):
 garbage-first heap   total 851968K, used 631269K [0x0000000600000000, 0x0000000800000000)
  region size 4096K, 74 young (303104K), 10 survivors (40960K)
 Metaspace       used 111968K, committed 114624K, reserved 1179648K
  class space    used 15016K, committed 16320K, reserved 1048576K
}
Event: 21.847 GC heap after
{Heap after GC invocations=44 (full 0):
 garbage-first heap   total 851968K, used 448978K [0x0000000600000000, 0x0000000800000000)
  region size 4096K, 10 young (40960K), 10 survivors (40960K)
 Metaspace       used 111968K, committed 114624K, reserved 1179648K
  class space    used 15016K, committed 16320K, reserved 1048576K
}
Event: 22.624 GC heap before
{Heap before GC invocations=45 (full 0):
 garbage-first heap   total 851968K, used 666066K [0x0000000600000000, 0x0000000800000000)
  region size 4096K, 65 young (266240K), 10 survivors (40960K)
 Metaspace       used 117375K, committed 120128K, reserved 1179648K
  class space    used 15516K, committed 16896K, reserved 1048576K
}
Event: 22.644 GC heap after
{Heap after GC invocations=46 (full 0):
 garbage-first heap   total 851968K, used 460204K [0x0000000600000000, 0x0000000800000000)
  region size 4096K, 4 young (16384K), 4 survivors (16384K)
 Metaspace       used 117375K, committed 120128K, reserved 1179648K
  class space    used 15516K, committed 16896K, reserved 1048576K
}
Event: 1092.978 GC heap before
{Heap before GC invocations=46 (full 0):
 garbage-first heap   total 851968K, used 697772K [0x0000000600000000, 0x0000000800000000)
  region size 4096K, 63 young (258048K), 4 survivors (16384K)
 Metaspace       used 120651K, committed 123392K, reserved 1179648K
  class space    used 15769K, committed 17152K, reserved 1048576K
}
Event: 1092.993 GC heap after
{Heap after GC invocations=47 (full 0):
 garbage-first heap   total 851968K, used 469529K [0x0000000600000000, 0x0000000800000000)
  region size 4096K, 8 young (32768K), 8 survivors (32768K)
 Metaspace       used 120651K, committed 123392K, reserved 1179648K
  class space    used 15769K, committed 17152K, reserved 1048576K
}
Event: 1095.885 GC heap before
{Heap before GC invocations=47 (full 0):
 garbage-first heap   total 851968K, used 629273K [0x0000000600000000, 0x0000000800000000)
  region size 4096K, 49 young (200704K), 8 survivors (32768K)
 Metaspace       used 121163K, committed 123904K, reserved 1179648K
  class space    used 15773K, committed 17152K, reserved 1048576K
}
Event: 1095.903 GC heap after
{Heap after GC invocations=48 (full 0):
 garbage-first heap   total 851968K, used 484271K [0x0000000600000000, 0x0000000800000000)
  region size 4096K, 8 young (32768K), 8 survivors (32768K)
 Metaspace       used 121163K, committed 123904K, reserved 1179648K
  class space    used 15773K, committed 17152K, reserved 1048576K
}
Event: 1097.074 GC heap before
{Heap before GC invocations=49 (full 0):
 garbage-first heap   total 851968K, used 738223K [0x0000000600000000, 0x0000000800000000)
  region size 4096K, 70 young (286720K), 8 survivors (32768K)
 Metaspace       used 121611K, committed 124352K, reserved 1179648K
  class space    used 15777K, committed 17152K, reserved 1048576K
}
Event: 1097.102 GC heap after
{Heap after GC invocations=50 (full 0):
 garbage-first heap   total 851968K, used 552152K [0x0000000600000000, 0x0000000800000000)
  region size 4096K, 9 young (36864K), 9 survivors (36864K)
 Metaspace       used 121611K, committed 124352K, reserved 1179648K
  class space    used 15777K, committed 17152K, reserved 1048576K
}
Event: 1097.195 GC heap before
{Heap before GC invocations=50 (full 0):
 garbage-first heap   total 851968K, used 728280K [0x0000000600000000, 0x0000000800000000)
  region size 4096K, 53 young (217088K), 9 survivors (36864K)
 Metaspace       used 121611K, committed 124352K, reserved 1179648K
  class space    used 15777K, committed 17152K, reserved 1048576K
}

