# JRE version: Java(TM) SE Runtime Environment Oracle GraalVM 25.0.2+10.1 (25.0.2+10) (build 25.0.2+10-LTS-jvmci-b01)
# Java VM: Java HotSpot(TM) 64-Bit Server VM Oracle GraalVM 25.0.2+10.1 (25.0.2+10-LTS-jvmci-b01, mixed mode, sharing, tiered, jvmci, jvmci compiler, compressed oops, compressed class ptrs, g1 gc, windows-amd64)
GC Precious Log:
 CardTable entry size: 512
 Card Set container configuration: InlinePtr #cards 4 size 8 Array Of Cards #cards 16 size 48 Howl #buckets 8 coarsen threshold 3686 Howl Bitmap #cards 512 size 80 coarsen threshold 460 Card regions per heap region 1 cards per card region 4096
 CPUs: 12 total, 12 available
 Memory: 15761M
 Large Page Support: Disabled
 NUMA Support: Disabled
 Compressed Oops: Enabled (Zero based)
 Heap Region Size: 2M
 Heap Min Capacity: 8M
 Heap Initial Capacity: 248M
 Heap Max Capacity: 3G
 Pre-touch: Disabled
 Parallel Workers: 10
 Concurrent Workers: 3
 Concurrent Refinement Workers: 10
 Periodic GC: Disabled
Heap:
 garbage-first heap   total reserved 3145728K, committed 399360K, used 289142K [0x0000000740000000, 0x0000000800000000)
  region size 2048K, 6 young (12288K), 6 survivors (12288K)
GC Heap Usage History (20 events):
Event: 22.167 {heap After GC invocations=38 (full 0):
 garbage-first heap   total reserved 3145728K, committed 174080K, used 110829K [0x0000000740000000, 0x0000000800000000)
  region size 2048K, 3 young (6144K), 3 survivors (6144K)
}
Event: 22.368 {heap Before GC invocations=39 (full 0):
 garbage-first heap   total reserved 3145728K, committed 188416K, used 155885K [0x0000000740000000, 0x0000000800000000)
  region size 2048K, 26 young (53248K), 3 survivors (6144K)
}
Event: 22.372 {heap After GC invocations=40 (full 0):
 garbage-first heap   total reserved 3145728K, committed 188416K, used 114133K [0x0000000740000000, 0x0000000800000000)
  region size 2048K, 3 young (6144K), 3 survivors (6144K)
}
Event: 22.592 {heap Before GC invocations=40 (full 0):
 garbage-first heap   total reserved 3145728K, committed 188416K, used 167381K [0x0000000740000000, 0x0000000800000000)
  region size 2048K, 30 young (61440K), 3 survivors (6144K)
}
Event: 22.599 {heap After GC invocations=41 (full 0):
 garbage-first heap   total reserved 3145728K, committed 188416K, used 118346K [0x0000000740000000, 0x0000000800000000)
  region size 2048K, 4 young (8192K), 4 survivors (8192K)
}
Event: 22.975 {heap Before GC invocations=41 (full 0):
 garbage-first heap   total reserved 3145728K, committed 188416K, used 169546K [0x0000000740000000, 0x0000000800000000)
  region size 2048K, 30 young (61440K), 4 survivors (8192K)
}
Event: 22.988 {heap After GC invocations=42 (full 0):
 garbage-first heap   total reserved 3145728K, committed 194560K, used 133065K [0x0000000740000000, 0x0000000800000000)
  region size 2048K, 4 young (8192K), 4 survivors (8192K)
}
Event: 23.182 {heap Before GC invocations=43 (full 0):
 garbage-first heap   total reserved 3145728K, committed 223232K, used 174025K [0x0000000740000000, 0x0000000800000000)
  region size 2048K, 24 young (49152K), 4 survivors (8192K)
}
Event: 23.192 {heap After GC invocations=44 (full 0):
 garbage-first heap   total reserved 3145728K, committed 223232K, used 143112K [0x0000000740000000, 0x0000000800000000)
  region size 2048K, 3 young (6144K), 3 survivors (6144K)
}
Event: 23.283 {heap Before GC invocations=44 (full 0):
 garbage-first heap   total reserved 3145728K, committed 223232K, used 194312K [0x0000000740000000, 0x0000000800000000)
  region size 2048K, 29 young (59392K), 3 survivors (6144K)
}
Event: 23.293 {heap After GC invocations=45 (full 0):
 garbage-first heap   total reserved 3145728K, committed 360448K, used 152851K [0x0000000740000000, 0x0000000800000000)
  region size 2048K, 4 young (8192K), 4 survivors (8192K)
}
Event: 23.559 {heap Before GC invocations=45 (full 0):
 garbage-first heap   total reserved 3145728K, committed 360448K, used 294163K [0x0000000740000000, 0x0000000800000000)
  region size 2048K, 74 young (151552K), 4 survivors (8192K)
}
Event: 23.575 {heap After GC invocations=46 (full 0):
 garbage-first heap   total reserved 3145728K, committed 360448K, used 174499K [0x0000000740000000, 0x0000000800000000)
  region size 2048K, 10 young (20480K), 10 survivors (20480K)
}
Event: 23.891 {heap Before GC invocations=46 (full 0):
 garbage-first heap   total reserved 3145728K, committed 360448K, used 301475K [0x0000000740000000, 0x0000000800000000)
  region size 2048K, 70 young (143360K), 10 survivors (20480K)
}
Event: 23.912 {heap After GC invocations=47 (full 0):
 garbage-first heap   total reserved 3145728K, committed 360448K, used 203265K [0x0000000740000000, 0x0000000800000000)
  region size 2048K, 9 young (18432K), 9 survivors (18432K)
}
Event: 24.037 {heap Before GC invocations=47 (full 0):
 garbage-first heap   total reserved 3145728K, committed 360448K, used 225793K [0x0000000740000000, 0x0000000800000000)
  region size 2048K, 22 young (45056K), 9 survivors (18432K)
}
Event: 24.048 {heap After GC invocations=48 (full 0):
 garbage-first heap   total reserved 3145728K, committed 360448K, used 211361K [0x0000000740000000, 0x0000000800000000)
  region size 2048K, 5 young (10240K), 5 survivors (10240K)
}
Event: 24.374 {heap Before GC invocations=49 (full 0):
 garbage-first heap   total reserved 3145728K, committed 368640K, used 315809K [0x0000000740000000, 0x0000000800000000)
  region size 2048K, 53 young (108544K), 5 survivors (10240K)
}
Event: 24.390 {heap After GC invocations=50 (full 0):
 garbage-first heap   total reserved 3145728K, committed 368640K, used 245191K [0x0000000740000000, 0x0000000800000000)
  region size 2048K, 7 young (14336K), 7 survivors (14336K)
}
Event: 24.935 {heap Before GC invocations=50 (full 0):
 garbage-first heap   total reserved 3145728K, committed 368640K, used 351687K [0x0000000740000000, 0x0000000800000000)
  region size 2048K, 43 young (88064K), 7 survivors (14336K)
}

