# JRE version: Java(TM) SE Runtime Environment Oracle GraalVM 25.0.2+10.1 (25.0.2+10) (build 25.0.2+10-LTS-jvmci-b01)
# Java VM: Java HotSpot(TM) 64-Bit Server VM Oracle GraalVM 25.0.2+10.1 (25.0.2+10-LTS-jvmci-b01, mixed mode, sharing, tiered, jvmci, jvmci compiler, compressed oops, compressed class ptrs, g1 gc, windows-amd64)
GC Precious Log:
 CardTable entry size: 512
 Card Set container configuration: InlinePtr #cards 4 size 8 Array Of Cards #cards 16 size 48 Howl #buckets 8 coarsen threshold 3686 Howl Bitmap #cards 512 size 80 coarsen threshold 460 Card regions per heap region 1 cards per card region 4096
 CPUs: 12 total, 12 available
 Memory: 15761M
 Large Page Support: Disabled
 NUMA Support: Disabled
 Compressed Oops: Enabled (Zero based)
 Heap Region Size: 2M
 Heap Min Capacity: 8M
 Heap Initial Capacity: 248M
 Heap Max Capacity: 3G
 Pre-touch: Disabled
 Parallel Workers: 10
 Concurrent Workers: 3
 Concurrent Refinement Workers: 10
 Periodic GC: Disabled
Heap:
 garbage-first heap   total reserved 3145728K, committed 256000K, used 187907K [0x0000000740000000, 0x0000000800000000)
  region size 2048K, 2 young (4096K), 2 survivors (4096K)
GC Heap Usage History (20 events):
Event: 23.922 {heap After GC invocations=37 (full 0):
 garbage-first heap   total reserved 3145728K, committed 147456K, used 93223K [0x0000000740000000, 0x0000000800000000)
  region size 2048K, 3 young (6144K), 3 survivors (6144K)
}
Event: 24.528 {heap Before GC invocations=37 (full 0):
 garbage-first heap   total reserved 3145728K, committed 147456K, used 117799K [0x0000000740000000, 0x0000000800000000)
  region size 2048K, 17 young (34816K), 3 survivors (6144K)
}
Event: 24.533 {heap After GC invocations=38 (full 0):
 garbage-first heap   total reserved 3145728K, committed 147456K, used 95509K [0x0000000740000000, 0x0000000800000000)
  region size 2048K, 3 young (6144K), 3 survivors (6144K)
}
Event: 24.970 {heap Before GC invocations=39 (full 0):
 garbage-first heap   total reserved 3145728K, committed 172032K, used 134421K [0x0000000740000000, 0x0000000800000000)
  region size 2048K, 21 young (43008K), 3 survivors (6144K)
}
Event: 24.975 {heap After GC invocations=40 (full 0):
 garbage-first heap   total reserved 3145728K, committed 172032K, used 98261K [0x0000000740000000, 0x0000000800000000)
  region size 2048K, 3 young (6144K), 3 survivors (6144K)
}
Event: 27.354 {heap Before GC invocations=40 (full 0):
 garbage-first heap   total reserved 3145728K, committed 172032K, used 149461K [0x0000000740000000, 0x0000000800000000)
  region size 2048K, 29 young (59392K), 3 survivors (6144K)
}
Event: 27.362 {heap After GC invocations=41 (full 0):
 garbage-first heap   total reserved 3145728K, committed 172032K, used 102376K [0x0000000740000000, 0x0000000800000000)
  region size 2048K, 3 young (6144K), 3 survivors (6144K)
}
Event: 28.007 {heap Before GC invocations=41 (full 0):
 garbage-first heap   total reserved 3145728K, committed 172032K, used 151528K [0x0000000740000000, 0x0000000800000000)
  region size 2048K, 28 young (57344K), 3 survivors (6144K)
}
Event: 28.014 {heap After GC invocations=42 (full 0):
 garbage-first heap   total reserved 3145728K, committed 172032K, used 109384K [0x0000000740000000, 0x0000000800000000)
  region size 2048K, 4 young (8192K), 4 survivors (8192K)
}
Event: 28.306 {heap Before GC invocations=43 (full 0):
 garbage-first heap   total reserved 3145728K, committed 188416K, used 152392K [0x0000000740000000, 0x0000000800000000)
  region size 2048K, 26 young (53248K), 4 survivors (8192K)
}
Event: 28.324 {heap After GC invocations=44 (full 0):
 garbage-first heap   total reserved 3145728K, committed 188416K, used 124190K [0x0000000740000000, 0x0000000800000000)
  region size 2048K, 4 young (8192K), 4 survivors (8192K)
}
Event: 32.884 {heap Before GC invocations=44 (full 0):
 garbage-first heap   total reserved 3145728K, committed 188416K, used 165150K [0x0000000740000000, 0x0000000800000000)
  region size 2048K, 24 young (49152K), 4 survivors (8192K)
}
Event: 32.895 {heap After GC invocations=45 (full 0):
 garbage-first heap   total reserved 3145728K, committed 188416K, used 130658K [0x0000000740000000, 0x0000000800000000)
  region size 2048K, 3 young (6144K), 3 survivors (6144K)
}
Event: 33.507 {heap Before GC invocations=45 (full 0):
 garbage-first heap   total reserved 3145728K, committed 188416K, used 165474K [0x0000000740000000, 0x0000000800000000)
  region size 2048K, 21 young (43008K), 3 survivors (6144K)
}
Event: 33.515 {heap After GC invocations=46 (full 0):
 garbage-first heap   total reserved 3145728K, committed 188416K, used 138364K [0x0000000740000000, 0x0000000800000000)
  region size 2048K, 3 young (6144K), 3 survivors (6144K)
}
Event: 33.671 {heap Before GC invocations=47 (full 0):
 garbage-first heap   total reserved 3145728K, committed 233472K, used 167036K [0x0000000740000000, 0x0000000800000000)
  region size 2048K, 18 young (36864K), 3 survivors (6144K)
}
Event: 33.687 {heap After GC invocations=48 (full 0):
 garbage-first heap   total reserved 3145728K, committed 233472K, used 169398K [0x0000000740000000, 0x0000000800000000)
  region size 2048K, 3 young (6144K), 3 survivors (6144K)
}
Event: 33.858 {heap Before GC invocations=48 (full 0):
 garbage-first heap   total reserved 3145728K, committed 233472K, used 193974K [0x0000000740000000, 0x0000000800000000)
  region size 2048K, 16 young (32768K), 3 survivors (6144K)
}
Event: 33.870 {heap After GC invocations=49 (full 0):
 garbage-first heap   total reserved 3145728K, committed 233472K, used 185337K [0x0000000740000000, 0x0000000800000000)
  region size 2048K, 2 young (4096K), 2 survivors (4096K)
}
Event: 33.901 {heap Before GC invocations=49 (full 0):
 garbage-first heap   total reserved 3145728K, committed 233472K, used 201721K [0x0000000740000000, 0x0000000800000000)
  region size 2048K, 11 young (22528K), 2 survivors (4096K)
}

